<?xml version="1.0" encoding="UTF-8"?>
<testng-results skipped="0" failed="0" ignored="3" total="15" passed="12">
  <reporter-output>
  </reporter-output>
  <suite name="All Test Suite" duration-ms="103" started-at="2020-03-19T08:15:43Z" finished-at="2020-03-19T08:15:43Z">
    <groups>
    </groups>
    <test name="D:\XunitDemo" duration-ms="103" started-at="2020-03-19T08:15:43Z" finished-at="2020-03-19T08:15:43Z">
      <class name="DemoXunit.ShoppingTestNew">
        <test-method status="PASS" signature="testDatas(java.lang.String, java.lang.String, java.lang.String, int, int, int)[pri:0, instance:DemoXunit.ShoppingTestNew@721e0f4f]" name="testDatas" duration-ms="1" started-at="2020-03-19T08:15:43Z" data-provider="getUsersAndPro3" finished-at="2020-03-19T08:15:43Z">
          <params>
            <param index="0">
              <value>
                <![CDATA[login]]>
              </value>
            </param>
            <param index="1">
              <value>
                <![CDATA[123456]]>
              </value>
            </param>
            <param index="2">
              <value>
                <![CDATA[欢迎login]]>
              </value>
            </param>
            <param index="3">
              <value>
                <![CDATA[3]]>
              </value>
            </param>
            <param index="4">
              <value>
                <![CDATA[1]]>
              </value>
            </param>
            <param index="5">
              <value>
                <![CDATA[1]]>
              </value>
            </param>
          </params>
          <reporter-output>
          </reporter-output>
        </test-method> <!-- testDatas -->
        <test-method status="PASS" signature="testDatas(java.lang.String, java.lang.String, java.lang.String, int, int, int)[pri:0, instance:DemoXunit.ShoppingTestNew@721e0f4f]" name="testDatas" duration-ms="1" started-at="2020-03-19T08:15:43Z" data-provider="getUsersAndPro3" finished-at="2020-03-19T08:15:43Z">
          <params>
            <param index="0">
              <value>
                <![CDATA[login]]>
              </value>
            </param>
            <param index="1">
              <value>
                <![CDATA[123456]]>
              </value>
            </param>
            <param index="2">
              <value>
                <![CDATA[欢迎login]]>
              </value>
            </param>
            <param index="3">
              <value>
                <![CDATA[3]]>
              </value>
            </param>
            <param index="4">
              <value>
                <![CDATA[1]]>
              </value>
            </param>
            <param index="5">
              <value>
                <![CDATA[1]]>
              </value>
            </param>
          </params>
          <reporter-output>
          </reporter-output>
        </test-method> <!-- testDatas -->
      </class> <!-- DemoXunit.ShoppingTestNew -->
      <class name="TestXunit.ShoppingTest">
        <test-method status="PASS" signature="testGetPrice(int, int)[pri:0, instance:TestXunit.ShoppingTest@546a03af]" name="testGetPrice" duration-ms="2" started-at="2020-03-19T08:15:43Z" data-provider="getProPrice" finished-at="2020-03-19T08:15:43Z">
          <params>
            <param index="0">
              <value>
                <![CDATA[1]]>
              </value>
            </param>
            <param index="1">
              <value>
                <![CDATA[200]]>
              </value>
            </param>
          </params>
          <reporter-output>
          </reporter-output>
        </test-method> <!-- testGetPrice -->
        <test-method status="PASS" signature="testGetPrice(int, int)[pri:0, instance:TestXunit.ShoppingTest@546a03af]" name="testGetPrice" duration-ms="0" started-at="2020-03-19T08:15:43Z" data-provider="getProPrice" finished-at="2020-03-19T08:15:43Z">
          <params>
            <param index="0">
              <value>
                <![CDATA[0]]>
              </value>
            </param>
            <param index="1">
              <value>
                <![CDATA[-1]]>
              </value>
            </param>
          </params>
          <reporter-output>
          </reporter-output>
        </test-method> <!-- testGetPrice -->
        <test-method status="PASS" signature="testGetPrice(int, int)[pri:0, instance:TestXunit.ShoppingTest@546a03af]" name="testGetPrice" duration-ms="0" started-at="2020-03-19T08:15:43Z" data-provider="getProPrice" finished-at="2020-03-19T08:15:43Z">
          <params>
            <param index="0">
              <value>
                <![CDATA[3]]>
              </value>
            </param>
            <param index="1">
              <value>
                <![CDATA[80]]>
              </value>
            </param>
          </params>
          <reporter-output>
          </reporter-output>
        </test-method> <!-- testGetPrice -->
      </class> <!-- TestXunit.ShoppingTest -->
      <class name="TestXunit.LoginTest">
        <test-method status="PASS" signature="testLogin(java.lang.String, java.lang.String, java.lang.String)[pri:0, instance:TestXunit.LoginTest@7907ec20]" name="testLogin" duration-ms="15" started-at="2020-03-19T08:15:43Z" data-provider="getUsers" finished-at="2020-03-19T08:15:43Z">
          <params>
            <param index="0">
              <value>
                <![CDATA[]]>
              </value>
            </param>
            <param index="1">
              <value>
                <![CDATA[]]>
              </value>
            </param>
            <param index="2">
              <value>
                <![CDATA[用户名或密码不能为空]]>
              </value>
            </param>
          </params>
          <reporter-output>
          </reporter-output>
        </test-method> <!-- testLogin -->
        <test-method status="PASS" signature="testLogin(java.lang.String, java.lang.String, java.lang.String)[pri:0, instance:TestXunit.LoginTest@7907ec20]" name="testLogin" duration-ms="0" started-at="2020-03-19T08:15:43Z" data-provider="getUsers" finished-at="2020-03-19T08:15:43Z">
          <params>
            <param index="0">
              <value>
                <![CDATA[login]]>
              </value>
            </param>
            <param index="1">
              <value>
                <![CDATA[]]>
              </value>
            </param>
            <param index="2">
              <value>
                <![CDATA[用户名或密码不能为空]]>
              </value>
            </param>
          </params>
          <reporter-output>
          </reporter-output>
        </test-method> <!-- testLogin -->
        <test-method status="PASS" signature="testLogin(java.lang.String, java.lang.String, java.lang.String)[pri:0, instance:TestXunit.LoginTest@7907ec20]" name="testLogin" duration-ms="0" started-at="2020-03-19T08:15:43Z" data-provider="getUsers" finished-at="2020-03-19T08:15:43Z">
          <params>
            <param index="0">
              <value>
                <![CDATA[]]>
              </value>
            </param>
            <param index="1">
              <value>
                <![CDATA[123456]]>
              </value>
            </param>
            <param index="2">
              <value>
                <![CDATA[用户名或密码不能为空]]>
              </value>
            </param>
          </params>
          <reporter-output>
          </reporter-output>
        </test-method> <!-- testLogin -->
        <test-method status="PASS" signature="testLogin(java.lang.String, java.lang.String, java.lang.String)[pri:0, instance:TestXunit.LoginTest@7907ec20]" name="testLogin" duration-ms="0" started-at="2020-03-19T08:15:43Z" data-provider="getUsers" finished-at="2020-03-19T08:15:43Z">
          <params>
            <param index="0">
              <value>
                <![CDATA[admin]]>
              </value>
            </param>
            <param index="1">
              <value>
                <![CDATA[admin]]>
              </value>
            </param>
            <param index="2">
              <value>
                <![CDATA[欢迎管理员]]>
              </value>
            </param>
          </params>
          <reporter-output>
          </reporter-output>
        </test-method> <!-- testLogin -->
        <test-method status="PASS" signature="testLogin(java.lang.String, java.lang.String, java.lang.String)[pri:0, instance:TestXunit.LoginTest@7907ec20]" name="testLogin" duration-ms="1" started-at="2020-03-19T08:15:43Z" data-provider="getUsers" finished-at="2020-03-19T08:15:43Z">
          <params>
            <param index="0">
              <value>
                <![CDATA[]]>
              </value>
            </param>
            <param index="1">
              <value>
                <![CDATA[]]>
              </value>
            </param>
            <param index="2">
              <value>
                <![CDATA[用户名或密码不能为空]]>
              </value>
            </param>
          </params>
          <reporter-output>
          </reporter-output>
        </test-method> <!-- testLogin -->
        <test-method status="PASS" signature="testLogin(java.lang.String, java.lang.String, java.lang.String)[pri:0, instance:TestXunit.LoginTest@7907ec20]" name="testLogin" duration-ms="0" started-at="2020-03-19T08:15:43Z" data-provider="getUsers" finished-at="2020-03-19T08:15:43Z">
          <params>
            <param index="0">
              <value>
                <![CDATA[admin]]>
              </value>
            </param>
            <param index="1">
              <value>
                <![CDATA[]]>
              </value>
            </param>
            <param index="2">
              <value>
                <![CDATA[用户名或密码不能为空]]>
              </value>
            </param>
          </params>
          <reporter-output>
          </reporter-output>
        </test-method> <!-- testLogin -->
        <test-method status="PASS" signature="testLogin(java.lang.String, java.lang.String, java.lang.String)[pri:0, instance:TestXunit.LoginTest@7907ec20]" name="testLogin" duration-ms="0" started-at="2020-03-19T08:15:43Z" data-provider="getUsers" finished-at="2020-03-19T08:15:43Z">
          <params>
            <param index="0">
              <value>
                <![CDATA[login]]>
              </value>
            </param>
            <param index="1">
              <value>
                <![CDATA[123456]]>
              </value>
            </param>
            <param index="2">
              <value>
                <![CDATA[欢迎login]]>
              </value>
            </param>
          </params>
          <reporter-output>
          </reporter-output>
        </test-method> <!-- testLogin -->
      </class> <!-- TestXunit.LoginTest -->
    </test> <!-- D:\XunitDemo -->
  </suite> <!-- All Test Suite -->
</testng-results>
